TN:
SF:src/classes/AccountsAPI.js
FN:21,(anonymous_0)
FN:44,(anonymous_1)
FN:79,(anonymous_2)
FN:85,(anonymous_3)
FN:106,(anonymous_4)
FN:164,(anonymous_5)
FN:191,(anonymous_6)
FN:216,(anonymous_7)
FN:237,(anonymous_8)
FN:262,(anonymous_9)
FNF:10
FNH:1
FNDA:30,(anonymous_0)
FNDA:0,(anonymous_1)
FNDA:0,(anonymous_2)
FNDA:0,(anonymous_3)
FNDA:0,(anonymous_4)
FNDA:0,(anonymous_5)
FNDA:0,(anonymous_6)
FNDA:0,(anonymous_7)
FNDA:0,(anonymous_8)
FNDA:0,(anonymous_9)
DA:22,30
DA:45,0
DA:81,0
DA:84,0
DA:85,0
DA:88,0
DA:89,0
DA:92,0
DA:107,0
DA:109,0
DA:110,0
DA:111,0
DA:113,0
DA:114,0
DA:118,0
DA:119,0
DA:120,0
DA:124,0
DA:125,0
DA:126,0
DA:128,0
DA:129,0
DA:133,0
DA:134,0
DA:135,0
DA:137,0
DA:138,0
DA:142,0
DA:143,0
DA:144,0
DA:146,0
DA:147,0
DA:165,0
DA:166,0
DA:192,0
DA:193,0
DA:194,0
DA:197,0
DA:217,0
DA:218,0
DA:219,0
DA:221,0
DA:238,0
DA:239,0
DA:263,0
DA:264,0
LF:46
LH:1
BRDA:88,0,0,0
BRDA:88,0,1,0
BRDA:109,1,0,0
BRDA:109,1,1,0
BRDA:109,2,0,0
BRDA:109,2,1,0
BRDA:110,3,0,0
BRDA:110,3,1,0
BRDA:110,4,0,0
BRDA:110,4,1,0
BRDA:113,5,0,0
BRDA:113,5,1,0
BRDA:118,6,0,0
BRDA:118,6,1,0
BRDA:118,7,0,0
BRDA:118,7,1,0
BRDA:119,8,0,0
BRDA:119,8,1,0
BRDA:124,9,0,0
BRDA:124,9,1,0
BRDA:124,10,0,0
BRDA:124,10,1,0
BRDA:125,11,0,0
BRDA:125,11,1,0
BRDA:125,12,0,0
BRDA:125,12,1,0
BRDA:128,13,0,0
BRDA:128,13,1,0
BRDA:133,14,0,0
BRDA:133,14,1,0
BRDA:133,15,0,0
BRDA:133,15,1,0
BRDA:134,16,0,0
BRDA:134,16,1,0
BRDA:134,17,0,0
BRDA:134,17,1,0
BRDA:137,18,0,0
BRDA:137,18,1,0
BRDA:142,19,0,0
BRDA:142,19,1,0
BRDA:142,20,0,0
BRDA:142,20,1,0
BRDA:143,21,0,0
BRDA:143,21,1,0
BRDA:143,22,0,0
BRDA:143,22,1,0
BRDA:146,23,0,0
BRDA:146,23,1,0
BRDA:194,24,0,0
BRDA:194,24,1,0
BRF:50
BRH:0
end_of_record
TN:
SF:src/classes/BalanceAPI.js
FN:21,(anonymous_0)
FN:44,(anonymous_1)
FN:81,(anonymous_2)
FN:99,(anonymous_3)
FN:148,(anonymous_4)
FN:167,(anonymous_5)
FN:194,(anonymous_6)
FN:222,(anonymous_7)
FN:247,(anonymous_8)
FN:274,(anonymous_9)
FN:317,(anonymous_10)
FNF:11
FNH:1
FNDA:30,(anonymous_0)
FNDA:0,(anonymous_1)
FNDA:0,(anonymous_2)
FNDA:0,(anonymous_3)
FNDA:0,(anonymous_4)
FNDA:0,(anonymous_5)
FNDA:0,(anonymous_6)
FNDA:0,(anonymous_7)
FNDA:0,(anonymous_8)
FNDA:0,(anonymous_9)
FNDA:0,(anonymous_10)
DA:22,30
DA:45,0
DA:83,0
DA:86,0
DA:88,0
DA:100,0
DA:102,0
DA:103,0
DA:104,0
DA:108,0
DA:109,0
DA:110,0
DA:114,0
DA:115,0
DA:116,0
DA:117,0
DA:121,0
DA:122,0
DA:123,0
DA:127,0
DA:128,0
DA:129,0
DA:133,0
DA:134,0
DA:135,0
DA:149,0
DA:150,0
DA:168,0
DA:169,0
DA:172,0
DA:178,0
DA:195,0
DA:196,0
DA:199,0
DA:200,0
DA:203,0
DA:204,0
DA:206,0
DA:223,0
DA:224,0
DA:248,0
DA:249,0
DA:252,0
DA:253,0
DA:254,0
DA:255,0
DA:257,0
DA:275,0
DA:276,0
DA:277,0
DA:280,0
DA:281,0
DA:285,0
DA:286,0
DA:288,0
DA:290,0
DA:291,0
DA:293,0
DA:294,0
DA:296,0
DA:297,0
DA:300,0
DA:301,0
DA:303,0
DA:318,0
DA:319,0
DA:321,0
DA:324,0
DA:325,0
DA:335,0
DA:336,0
DA:345,0
LF:72
LH:1
BRDA:81,0,0,0
BRDA:102,1,0,0
BRDA:102,1,1,0
BRDA:103,2,0,0
BRDA:103,2,1,0
BRDA:103,3,0,0
BRDA:103,3,1,0
BRDA:108,4,0,0
BRDA:108,4,1,0
BRDA:109,5,0,0
BRDA:109,5,1,0
BRDA:109,6,0,0
BRDA:109,6,1,0
BRDA:109,6,2,0
BRDA:114,7,0,0
BRDA:114,7,1,0
BRDA:116,8,0,0
BRDA:116,8,1,0
BRDA:121,9,0,0
BRDA:121,9,1,0
BRDA:122,10,0,0
BRDA:122,10,1,0
BRDA:127,11,0,0
BRDA:127,11,1,0
BRDA:128,12,0,0
BRDA:128,12,1,0
BRDA:133,13,0,0
BRDA:133,13,1,0
BRDA:133,14,0,0
BRDA:133,14,1,0
BRDA:134,15,0,0
BRDA:134,15,1,0
BRDA:150,16,0,0
BRDA:150,16,1,0
BRDA:150,16,2,0
BRDA:168,17,0,0
BRDA:168,17,1,0
BRDA:168,18,0,0
BRDA:168,18,1,0
BRDA:195,19,0,0
BRDA:195,19,1,0
BRDA:195,20,0,0
BRDA:195,20,1,0
BRDA:195,20,2,0
BRDA:199,21,0,0
BRDA:199,21,1,0
BRDA:199,22,0,0
BRDA:199,22,1,0
BRDA:199,22,2,0
BRDA:248,23,0,0
BRDA:248,23,1,0
BRDA:248,24,0,0
BRDA:248,24,1,0
BRDA:274,25,0,0
BRDA:274,26,0,0
BRDA:276,27,0,0
BRDA:276,27,1,0
BRDA:280,28,0,0
BRDA:280,28,1,0
BRDA:280,29,0,0
BRDA:280,29,1,0
BRDA:280,29,2,0
BRDA:288,30,0,0
BRDA:288,30,1,0
BRDA:288,30,2,0
BRDA:324,31,0,0
BRDA:324,31,1,0
BRDA:335,32,0,0
BRDA:335,32,1,0
BRF:69
BRH:0
end_of_record
TN:
SF:src/classes/CollectionsAPI.js
FN:26,(anonymous_0)
FN:62,(anonymous_1)
FN:107,(anonymous_2)
FN:130,(anonymous_3)
FN:142,(anonymous_4)
FN:182,(anonymous_5)
FN:198,(anonymous_6)
FN:213,(anonymous_7)
FN:239,(anonymous_8)
FN:255,(anonymous_9)
FNF:10
FNH:10
FNDA:57,(anonymous_0)
FNDA:7,(anonymous_1)
FNDA:6,(anonymous_2)
FNDA:1,(anonymous_3)
FNDA:22,(anonymous_4)
FNDA:1,(anonymous_5)
FNDA:7,(anonymous_6)
FNDA:1,(anonymous_7)
FNDA:3,(anonymous_8)
FNDA:2,(anonymous_9)
DA:27,57
DA:70,7
DA:73,7
DA:76,5
DA:78,5
DA:87,5
DA:108,6
DA:109,2
DA:112,4
DA:113,2
DA:116,2
DA:131,1
DA:143,22
DA:145,22
DA:146,8
DA:153,14
DA:154,2
DA:157,12
DA:158,2
DA:161,10
DA:162,2
DA:165,8
DA:166,2
DA:183,1
DA:199,7
DA:214,1
DA:240,3
DA:256,2
LF:28
LH:28
BRDA:67,0,0,4
BRDA:68,1,0,4
BRDA:69,2,0,4
BRDA:108,3,0,2
BRDA:108,3,1,4
BRDA:112,4,0,2
BRDA:112,4,1,2
BRDA:145,5,0,8
BRDA:145,5,1,14
BRDA:145,6,0,22
BRDA:145,6,1,20
BRDA:145,6,2,16
BRDA:153,7,0,2
BRDA:153,7,1,12
BRDA:157,8,0,2
BRDA:157,8,1,10
BRDA:161,9,0,2
BRDA:161,9,1,8
BRDA:165,10,0,2
BRDA:165,10,1,6
BRDA:199,11,0,7
BRDA:199,11,1,4
BRF:22
BRH:22
end_of_record
TN:
SF:src/classes/DisbursementsAPI.js
FN:26,(anonymous_0)
FN:62,(anonymous_1)
FN:107,(anonymous_2)
FN:130,(anonymous_3)
FN:142,(anonymous_4)
FN:182,(anonymous_5)
FN:198,(anonymous_6)
FN:213,(anonymous_7)
FN:233,(anonymous_8)
FN:267,(anonymous_9)
FN:294,(anonymous_10)
FN:310,(anonymous_11)
FNF:12
FNH:12
FNDA:61,(anonymous_0)
FNDA:7,(anonymous_1)
FNDA:6,(anonymous_2)
FNDA:1,(anonymous_3)
FNDA:22,(anonymous_4)
FNDA:1,(anonymous_5)
FNDA:10,(anonymous_6)
FNDA:1,(anonymous_7)
FNDA:3,(anonymous_8)
FNDA:2,(anonymous_9)
FNDA:3,(anonymous_10)
FNDA:2,(anonymous_11)
DA:27,61
DA:70,7
DA:73,7
DA:76,5
DA:78,5
DA:87,5
DA:108,6
DA:109,2
DA:112,4
DA:113,2
DA:116,2
DA:131,1
DA:143,22
DA:145,22
DA:146,8
DA:153,14
DA:154,2
DA:157,12
DA:158,2
DA:161,10
DA:162,2
DA:165,8
DA:166,2
DA:183,1
DA:199,10
DA:214,1
DA:234,3
DA:235,2
DA:239,1
DA:240,1
DA:241,1
DA:243,1
DA:268,2
DA:273,2
DA:295,3
DA:311,2
LF:36
LH:36
BRDA:67,0,0,4
BRDA:68,1,0,4
BRDA:69,2,0,4
BRDA:108,3,0,2
BRDA:108,3,1,4
BRDA:112,4,0,2
BRDA:112,4,1,2
BRDA:145,5,0,8
BRDA:145,5,1,14
BRDA:145,6,0,22
BRDA:145,6,1,20
BRDA:145,6,2,16
BRDA:153,7,0,2
BRDA:153,7,1,12
BRDA:157,8,0,2
BRDA:157,8,1,10
BRDA:161,9,0,2
BRDA:161,9,1,8
BRDA:165,10,0,2
BRDA:165,10,1,6
BRDA:199,11,0,10
BRDA:199,11,1,5
BRDA:234,12,0,2
BRDA:234,12,1,1
BRDA:267,13,0,1
BRF:25
BRH:25
end_of_record
TN:
SF:src/classes/ServicesAPI.js
FN:23,(anonymous_0)
FN:56,(anonymous_1)
FN:87,(anonymous_2)
FN:107,(anonymous_3)
FN:145,(anonymous_4)
FN:162,(anonymous_5)
FN:178,(anonymous_6)
FN:194,(anonymous_7)
FN:210,(anonymous_8)
FN:227,(anonymous_9)
FN:264,(anonymous_10)
FN:287,(anonymous_11)
FN:316,(anonymous_12)
FN:344,(anonymous_13)
FN:358,(anonymous_14)
FN:393,(anonymous_15)
FN:411,(anonymous_16)
FN:416,(anonymous_17)
FN:429,(anonymous_18)
FN:430,(anonymous_19)
FN:431,(anonymous_20)
FNF:21
FNH:1
FNDA:30,(anonymous_0)
FNDA:0,(anonymous_1)
FNDA:0,(anonymous_2)
FNDA:0,(anonymous_3)
FNDA:0,(anonymous_4)
FNDA:0,(anonymous_5)
FNDA:0,(anonymous_6)
FNDA:0,(anonymous_7)
FNDA:0,(anonymous_8)
FNDA:0,(anonymous_9)
FNDA:0,(anonymous_10)
FNDA:0,(anonymous_11)
FNDA:0,(anonymous_12)
FNDA:0,(anonymous_13)
FNDA:0,(anonymous_14)
FNDA:0,(anonymous_15)
FNDA:0,(anonymous_16)
FNDA:0,(anonymous_17)
FNDA:0,(anonymous_18)
FNDA:0,(anonymous_19)
FNDA:0,(anonymous_20)
DA:24,30
DA:58,0
DA:61,0
DA:63,0
DA:88,0
DA:89,0
DA:92,0
DA:93,0
DA:96,0
DA:108,0
DA:110,0
DA:111,0
DA:112,0
DA:113,0
DA:117,0
DA:118,0
DA:119,0
DA:120,0
DA:124,0
DA:125,0
DA:126,0
DA:127,0
DA:146,0
DA:163,0
DA:179,0
DA:195,0
DA:211,0
DA:228,0
DA:229,0
DA:231,0
DA:239,0
DA:265,0
DA:266,0
DA:267,0
DA:269,0
DA:288,0
DA:290,0
DA:317,0
DA:319,0
DA:345,0
DA:346,0
DA:349,0
DA:350,0
DA:355,0
DA:357,0
DA:358,0
DA:359,0
DA:362,0
DA:374,0
DA:394,0
DA:395,0
DA:398,0
DA:399,0
DA:403,0
DA:404,0
DA:405,0
DA:410,0
DA:411,0
DA:415,0
DA:416,0
DA:429,0
DA:430,0
DA:431,0
DA:435,0
LF:64
LH:1
BRDA:56,0,0,0
BRDA:88,1,0,0
BRDA:88,1,1,0
BRDA:92,2,0,0
BRDA:92,2,1,0
BRDA:110,3,0,0
BRDA:110,3,1,0
BRDA:112,4,0,0
BRDA:112,4,1,0
BRDA:117,5,0,0
BRDA:117,5,1,0
BRDA:119,6,0,0
BRDA:119,6,1,0
BRDA:124,7,0,0
BRDA:124,7,1,0
BRDA:126,8,0,0
BRDA:126,8,1,0
BRDA:145,9,0,0
BRDA:162,10,0,0
BRDA:178,11,0,0
BRDA:194,12,0,0
BRDA:210,13,0,0
BRDA:232,14,0,0
BRDA:232,14,1,0
BRDA:233,15,0,0
BRDA:233,15,1,0
BRDA:234,16,0,0
BRDA:234,16,1,0
BRDA:234,17,0,0
BRDA:234,17,1,0
BRDA:235,18,0,0
BRDA:235,18,1,0
BRDA:236,19,0,0
BRDA:236,19,1,0
BRDA:294,20,0,0
BRDA:294,20,1,0
BRDA:295,21,0,0
BRDA:295,21,1,0
BRDA:296,22,0,0
BRDA:296,22,1,0
BRDA:297,23,0,0
BRDA:297,23,1,0
BRDA:344,24,0,0
BRDA:345,25,0,0
BRDA:345,25,1,0
BRDA:345,26,0,0
BRDA:345,26,1,0
BRDA:349,27,0,0
BRDA:349,27,1,0
BRDA:357,28,0,0
BRDA:357,28,1,0
BRDA:357,29,0,0
BRDA:357,29,1,0
BRDA:359,30,0,0
BRDA:359,30,1,0
BRDA:394,31,0,0
BRDA:394,31,1,0
BRDA:394,32,0,0
BRDA:394,32,1,0
BRDA:398,33,0,0
BRDA:398,33,1,0
BRDA:404,34,0,0
BRDA:404,34,1,0
BRDA:422,35,0,0
BRDA:422,35,1,0
BRDA:423,36,0,0
BRDA:423,36,1,0
BRDA:424,37,0,0
BRDA:424,37,1,0
BRDA:425,38,0,0
BRDA:425,38,1,0
BRF:71
BRH:0
end_of_record
TN:
SF:src/classes/TransactionsAPI.js
FN:24,(anonymous_0)
FN:66,(anonymous_1)
FN:96,(anonymous_2)
FN:116,(anonymous_3)
FN:179,(anonymous_4)
FN:199,(anonymous_5)
FN:216,(anonymous_6)
FN:233,(anonymous_7)
FN:253,(anonymous_8)
FN:278,(anonymous_9)
FN:311,(anonymous_10)
FN:336,(anonymous_11)
FN:345,(anonymous_12)
FN:390,(anonymous_13)
FN:411,(anonymous_14)
FNF:15
FNH:1
FNDA:30,(anonymous_0)
FNDA:0,(anonymous_1)
FNDA:0,(anonymous_2)
FNDA:0,(anonymous_3)
FNDA:0,(anonymous_4)
FNDA:0,(anonymous_5)
FNDA:0,(anonymous_6)
FNDA:0,(anonymous_7)
FNDA:0,(anonymous_8)
FNDA:0,(anonymous_9)
FNDA:0,(anonymous_10)
FNDA:0,(anonymous_11)
FNDA:0,(anonymous_12)
FNDA:0,(anonymous_13)
FNDA:0,(anonymous_14)
DA:25,30
DA:68,0
DA:71,0
DA:73,0
DA:97,0
DA:98,0
DA:101,0
DA:102,0
DA:105,0
DA:117,0
DA:119,0
DA:120,0
DA:121,0
DA:125,0
DA:126,0
DA:127,0
DA:131,0
DA:132,0
DA:133,0
DA:134,0
DA:138,0
DA:139,0
DA:140,0
DA:141,0
DA:145,0
DA:146,0
DA:147,0
DA:148,0
DA:152,0
DA:153,0
DA:154,0
DA:158,0
DA:159,0
DA:160,0
DA:164,0
DA:165,0
DA:166,0
DA:180,0
DA:181,0
DA:200,0
DA:217,0
DA:234,0
DA:254,0
DA:255,0
DA:258,0
DA:279,0
DA:280,0
DA:283,0
DA:284,0
DA:285,0
DA:287,0
DA:288,0
DA:290,0
DA:312,0
DA:317,0
DA:319,0
DA:337,0
DA:338,0
DA:339,0
DA:340,0
DA:341,0
DA:342,0
DA:343,0
DA:345,0
DA:346,0
DA:348,0
DA:349,0
DA:350,0
DA:351,0
DA:352,0
DA:353,0
DA:354,0
DA:357,0
DA:358,0
DA:359,0
DA:360,0
DA:364,0
DA:366,0
DA:391,0
DA:392,0
DA:395,0
DA:412,0
DA:413,0
DA:414,0
DA:417,0
DA:418,0
DA:422,0
DA:423,0
DA:425,0
DA:427,0
DA:428,0
DA:430,0
DA:431,0
DA:433,0
DA:434,0
DA:437,0
DA:438,0
DA:440,0
DA:442,0
LF:99
LH:1
BRDA:66,0,0,0
BRDA:97,1,0,0
BRDA:97,1,1,0
BRDA:101,2,0,0
BRDA:101,2,1,0
BRDA:119,3,0,0
BRDA:119,3,1,0
BRDA:120,4,0,0
BRDA:120,4,1,0
BRDA:120,5,0,0
BRDA:120,5,1,0
BRDA:125,6,0,0
BRDA:125,6,1,0
BRDA:126,7,0,0
BRDA:126,7,1,0
BRDA:126,8,0,0
BRDA:126,8,1,0
BRDA:126,8,2,0
BRDA:131,9,0,0
BRDA:131,9,1,0
BRDA:133,10,0,0
BRDA:133,10,1,0
BRDA:138,11,0,0
BRDA:138,11,1,0
BRDA:140,12,0,0
BRDA:140,12,1,0
BRDA:145,13,0,0
BRDA:145,13,1,0
BRDA:147,14,0,0
BRDA:147,14,1,0
BRDA:152,15,0,0
BRDA:152,15,1,0
BRDA:153,16,0,0
BRDA:153,16,1,0
BRDA:158,17,0,0
BRDA:158,17,1,0
BRDA:159,18,0,0
BRDA:159,18,1,0
BRDA:164,19,0,0
BRDA:164,19,1,0
BRDA:164,20,0,0
BRDA:164,20,1,0
BRDA:165,21,0,0
BRDA:165,21,1,0
BRDA:181,22,0,0
BRDA:181,22,1,0
BRDA:181,22,2,0
BRDA:199,23,0,0
BRDA:216,24,0,0
BRDA:233,25,0,0
BRDA:253,26,0,0
BRDA:254,27,0,0
BRDA:254,27,1,0
BRDA:254,28,0,0
BRDA:254,28,1,0
BRDA:278,29,0,0
BRDA:278,30,0,0
BRDA:279,31,0,0
BRDA:279,31,1,0
BRDA:279,32,0,0
BRDA:279,32,1,0
BRDA:279,32,2,0
BRDA:311,33,0,0
BRDA:346,34,0,0
BRDA:346,34,1,0
BRDA:348,35,0,0
BRDA:348,35,1,0
BRDA:351,36,0,0
BRDA:351,36,1,0
BRDA:353,37,0,0
BRDA:353,37,1,0
BRDA:357,38,0,0
BRDA:357,38,1,0
BRDA:359,39,0,0
BRDA:359,39,1,0
BRDA:364,40,0,0
BRDA:364,40,1,0
BRDA:391,41,0,0
BRDA:391,41,1,0
BRDA:391,42,0,0
BRDA:391,42,1,0
BRDA:411,43,0,0
BRDA:411,44,0,0
BRDA:413,45,0,0
BRDA:413,45,1,0
BRDA:417,46,0,0
BRDA:417,46,1,0
BRDA:417,47,0,0
BRDA:417,47,1,0
BRDA:417,47,2,0
BRDA:425,48,0,0
BRDA:425,48,1,0
BRDA:425,48,2,0
BRF:93
BRH:0
end_of_record
TN:
SF:src/classes/WebhooksAPI.js
FN:24,(anonymous_0)
FN:54,(anonymous_1)
FN:96,(anonymous_2)
FN:137,(anonymous_3)
FN:179,(anonymous_4)
FN:227,(anonymous_5)
FN:249,(anonymous_6)
FN:275,(anonymous_7)
FN:321,(anonymous_8)
FN:369,(anonymous_9)
FN:391,(anonymous_10)
FN:408,(anonymous_11)
FN:425,(anonymous_12)
FN:431,(anonymous_13)
FN:462,(anonymous_14)
FN:478,(anonymous_15)
FN:495,(anonymous_16)
FN:526,(anonymous_17)
FN:564,(anonymous_18)
FNF:19
FNH:1
FNDA:30,(anonymous_0)
FNDA:0,(anonymous_1)
FNDA:0,(anonymous_2)
FNDA:0,(anonymous_3)
FNDA:0,(anonymous_4)
FNDA:0,(anonymous_5)
FNDA:0,(anonymous_6)
FNDA:0,(anonymous_7)
FNDA:0,(anonymous_8)
FNDA:0,(anonymous_9)
FNDA:0,(anonymous_10)
FNDA:0,(anonymous_11)
FNDA:0,(anonymous_12)
FNDA:0,(anonymous_13)
FNDA:0,(anonymous_14)
FNDA:0,(anonymous_15)
FNDA:0,(anonymous_16)
FNDA:0,(anonymous_17)
FNDA:0,(anonymous_18)
DA:25,30
DA:56,0
DA:59,0
DA:61,0
DA:97,0
DA:100,0
DA:102,0
DA:110,0
DA:138,0
DA:139,0
DA:142,0
DA:143,0
DA:146,0
DA:180,0
DA:181,0
DA:184,0
DA:185,0
DA:189,0
DA:192,0
DA:193,0
DA:194,0
DA:195,0
DA:196,0
DA:197,0
DA:199,0
DA:200,0
DA:203,0
DA:228,0
DA:229,0
DA:232,0
DA:233,0
DA:236,0
DA:250,0
DA:252,0
DA:253,0
DA:254,0
DA:255,0
DA:259,0
DA:260,0
DA:261,0
DA:262,0
DA:276,0
DA:278,0
DA:279,0
DA:282,0
DA:283,0
DA:286,0
DA:287,0
DA:290,0
DA:291,0
DA:294,0
DA:295,0
DA:298,0
DA:299,0
DA:300,0
DA:303,0
DA:304,0
DA:307,0
DA:308,0
DA:309,0
DA:322,0
DA:324,0
DA:325,0
DA:326,0
DA:328,0
DA:329,0
DA:333,0
DA:334,0
DA:335,0
DA:337,0
DA:338,0
DA:342,0
DA:343,0
DA:344,0
DA:345,0
DA:349,0
DA:350,0
DA:351,0
DA:352,0
DA:356,0
DA:357,0
DA:370,0
DA:371,0
DA:372,0
DA:374,0
DA:392,0
DA:409,0
DA:428,0
DA:430,0
DA:431,0
DA:432,0
DA:435,0
DA:447,0
DA:463,0
DA:479,0
DA:496,0
DA:497,0
DA:499,0
DA:505,0
DA:527,0
DA:528,0
DA:531,0
DA:532,0
DA:537,0
DA:565,0
DA:566,0
DA:569,0
DA:570,0
DA:575,0
LF:109
LH:1
BRDA:54,0,0,0
BRDA:97,1,0,0
BRDA:138,2,0,0
BRDA:138,2,1,0
BRDA:142,3,0,0
BRDA:142,3,1,0
BRDA:180,4,0,0
BRDA:180,4,1,0
BRDA:184,5,0,0
BRDA:184,5,1,0
BRDA:193,6,0,0
BRDA:193,6,1,0
BRDA:194,7,0,0
BRDA:194,7,1,0
BRDA:195,8,0,0
BRDA:195,8,1,0
BRDA:196,9,0,0
BRDA:196,9,1,0
BRDA:197,10,0,0
BRDA:197,10,1,0
BRDA:199,11,0,0
BRDA:199,11,1,0
BRDA:228,12,0,0
BRDA:228,12,1,0
BRDA:232,13,0,0
BRDA:232,13,1,0
BRDA:252,14,0,0
BRDA:252,14,1,0
BRDA:254,15,0,0
BRDA:254,15,1,0
BRDA:259,16,0,0
BRDA:259,16,1,0
BRDA:261,17,0,0
BRDA:261,17,1,0
BRDA:278,18,0,0
BRDA:278,18,1,0
BRDA:278,19,0,0
BRDA:278,19,1,0
BRDA:278,19,2,0
BRDA:282,20,0,0
BRDA:282,20,1,0
BRDA:286,21,0,0
BRDA:286,21,1,0
BRDA:286,22,0,0
BRDA:286,22,1,0
BRDA:286,22,2,0
BRDA:290,23,0,0
BRDA:290,23,1,0
BRDA:294,24,0,0
BRDA:294,24,1,0
BRDA:294,25,0,0
BRDA:294,25,1,0
BRDA:299,26,0,0
BRDA:299,26,1,0
BRDA:303,27,0,0
BRDA:303,27,1,0
BRDA:303,28,0,0
BRDA:303,28,1,0
BRDA:308,29,0,0
BRDA:308,29,1,0
BRDA:324,30,0,0
BRDA:324,30,1,0
BRDA:325,31,0,0
BRDA:325,31,1,0
BRDA:325,32,0,0
BRDA:325,32,1,0
BRDA:328,33,0,0
BRDA:328,33,1,0
BRDA:333,34,0,0
BRDA:333,34,1,0
BRDA:334,35,0,0
BRDA:334,35,1,0
BRDA:334,36,0,0
BRDA:334,36,1,0
BRDA:337,37,0,0
BRDA:337,37,1,0
BRDA:342,38,0,0
BRDA:342,38,1,0
BRDA:344,39,0,0
BRDA:344,39,1,0
BRDA:349,40,0,0
BRDA:349,40,1,0
BRDA:351,41,0,0
BRDA:351,41,1,0
BRDA:356,42,0,0
BRDA:356,42,1,0
BRDA:356,43,0,0
BRDA:356,43,1,0
BRDA:391,44,0,0
BRDA:408,45,0,0
BRDA:425,46,0,0
BRDA:430,47,0,0
BRDA:430,47,1,0
BRDA:430,48,0,0
BRDA:430,48,1,0
BRDA:500,49,0,0
BRDA:500,49,1,0
BRDA:501,50,0,0
BRDA:501,50,1,0
BRDA:502,51,0,0
BRDA:502,51,1,0
BRDA:502,52,0,0
BRDA:502,52,1,0
BRDA:527,53,0,0
BRDA:527,53,1,0
BRDA:531,54,0,0
BRDA:531,54,1,0
BRDA:564,55,0,0
BRDA:565,56,0,0
BRDA:565,56,1,0
BRDA:569,57,0,0
BRDA:569,57,1,0
BRF:112
BRH:0
end_of_record
TN:
SF:src/errors/MarzPayError.js
FN:31,(anonymous_0)
FN:61,(anonymous_1)
FN:83,(anonymous_2)
FN:99,(anonymous_3)
FN:115,(anonymous_4)
FN:130,(anonymous_5)
FN:158,(anonymous_6)
FN:182,(anonymous_7)
FN:200,(anonymous_8)
FN:216,(anonymous_9)
FNF:10
FNH:2
FNDA:53,(anonymous_0)
FNDA:0,(anonymous_1)
FNDA:0,(anonymous_2)
FNDA:0,(anonymous_3)
FNDA:0,(anonymous_4)
FNDA:0,(anonymous_5)
FNDA:0,(anonymous_6)
FNDA:2,(anonymous_7)
FNDA:0,(anonymous_8)
FNDA:0,(anonymous_9)
DA:32,53
DA:35,53
DA:37,53
DA:38,53
DA:39,53
DA:40,53
DA:41,53
DA:44,53
DA:45,53
DA:62,0
DA:84,0
DA:100,0
DA:116,0
DA:131,0
DA:144,0
DA:159,0
DA:183,2
DA:184,2
DA:186,2
DA:201,0
DA:217,0
LF:21
LH:12
BRDA:31,0,0,51
BRDA:44,1,0,53
BRDA:44,1,1,0
BRDA:84,2,0,0
BRDA:84,2,1,0
BRDA:144,3,0,0
BRDA:144,3,1,0
BRDA:183,4,0,2
BRDA:183,4,1,2
BRDA:184,5,0,2
BRDA:184,5,1,2
BRF:11
BRH:6
end_of_record
TN:
SF:src/utils/GeneralUtils.js
FN:27,(anonymous_0)
FN:57,(anonymous_1)
FN:91,(anonymous_2)
FN:129,(anonymous_3)
FN:145,(anonymous_4)
FN:170,(anonymous_5)
FN:181,(anonymous_6)
FN:205,(anonymous_7)
FN:234,(anonymous_8)
FN:255,(anonymous_9)
FN:282,(anonymous_10)
FN:304,(anonymous_11)
FN:364,(anonymous_12)
FN:391,(anonymous_13)
FN:401,(anonymous_14)
FN:431,(anonymous_15)
FN:434,(anonymous_16)
FN:436,(anonymous_17)
FN:462,(anonymous_18)
FN:464,executedFunction
FN:465,(anonymous_20)
FN:487,(anonymous_21)
FN:489,executedFunction
FN:493,(anonymous_23)
FN:509,(anonymous_24)
FN:510,(anonymous_25)
FN:530,(anonymous_26)
FN:563,(anonymous_27)
FN:584,(anonymous_28)
FN:609,(anonymous_29)
FN:629,(anonymous_30)
FN:635,(anonymous_31)
FN:636,(anonymous_32)
FN:651,(anonymous_33)
FN:657,(anonymous_34)
FN:676,(anonymous_35)
FN:700,(anonymous_36)
FNF:37
FNH:3
FNDA:30,(anonymous_0)
FNDA:0,(anonymous_1)
FNDA:0,(anonymous_2)
FNDA:0,(anonymous_3)
FNDA:5,(anonymous_4)
FNDA:5,(anonymous_5)
FNDA:0,(anonymous_6)
FNDA:0,(anonymous_7)
FNDA:0,(anonymous_8)
FNDA:0,(anonymous_9)
FNDA:0,(anonymous_10)
FNDA:0,(anonymous_11)
FNDA:0,(anonymous_12)
FNDA:0,(anonymous_13)
FNDA:0,(anonymous_14)
FNDA:0,(anonymous_15)
FNDA:0,(anonymous_16)
FNDA:0,(anonymous_17)
FNDA:0,(anonymous_18)
FNDA:0,executedFunction
FNDA:0,(anonymous_20)
FNDA:0,(anonymous_21)
FNDA:0,executedFunction
FNDA:0,(anonymous_23)
FNDA:0,(anonymous_24)
FNDA:0,(anonymous_25)
FNDA:0,(anonymous_26)
FNDA:0,(anonymous_27)
FNDA:0,(anonymous_28)
FNDA:0,(anonymous_29)
FNDA:0,(anonymous_30)
FNDA:0,(anonymous_31)
FNDA:0,(anonymous_32)
FNDA:0,(anonymous_33)
FNDA:0,(anonymous_34)
FNDA:0,(anonymous_35)
FNDA:0,(anonymous_36)
DA:29,30
DA:58,0
DA:59,0
DA:62,0
DA:65,0
DA:70,0
DA:92,0
DA:93,0
DA:96,0
DA:99,0
DA:102,0
DA:105,0
DA:106,0
DA:109,0
DA:111,0
DA:112,0
DA:115,0
DA:130,0
DA:146,5
DA:147,1
DA:150,4
DA:151,4
DA:171,5
DA:172,2
DA:175,3
DA:177,3
DA:178,5
DA:179,5
DA:181,0
DA:182,0
DA:185,5
DA:190,3
DA:206,0
DA:207,0
DA:211,0
DA:235,0
DA:236,0
DA:239,0
DA:256,0
DA:257,0
DA:260,0
DA:262,0
DA:263,0
DA:266,0
DA:283,0
DA:284,0
DA:287,0
DA:288,0
DA:305,0
DA:306,0
DA:307,0
DA:309,0
DA:312,0
DA:315,0
DA:316,0
DA:317,0
DA:321,0
DA:322,0
DA:323,0
DA:324,0
DA:325,0
DA:329,0
DA:331,0
DA:332,0
DA:336,0
DA:338,0
DA:339,0
DA:342,0
DA:345,0
DA:365,0
DA:366,0
DA:369,0
DA:370,0
DA:371,0
DA:373,0
DA:392,0
DA:393,0
DA:396,0
DA:397,0
DA:400,0
DA:401,0
DA:404,0
DA:405,0
DA:406,0
DA:407,0
DA:408,0
DA:411,0
DA:414,0
DA:432,0
DA:434,0
DA:435,0
DA:436,0
DA:437,0
DA:438,0
DA:440,0
DA:446,0
DA:464,0
DA:465,0
DA:466,0
DA:467,0
DA:469,0
DA:470,0
DA:489,0
DA:490,0
DA:491,0
DA:492,0
DA:493,0
DA:510,0
DA:533,0
DA:534,0
DA:535,0
DA:537,0
DA:539,0
DA:540,0
DA:543,0
DA:544,0
DA:548,0
DA:564,0
DA:565,0
DA:568,0
DA:569,0
DA:585,0
DA:586,0
DA:589,0
DA:590,0
DA:591,0
DA:593,0
DA:610,0
DA:611,0
DA:614,0
DA:630,0
DA:631,0
DA:634,0
DA:635,0
DA:636,0
DA:652,0
DA:653,0
DA:656,0
DA:657,0
DA:677,0
DA:678,0
DA:681,0
DA:682,0
DA:685,0
DA:701,0
DA:702,0
DA:705,0
DA:706,0
DA:707,0
DA:708,0
DA:709,0
DA:712,0
LF:152
LH:13
BRDA:57,0,0,0
BRDA:58,1,0,0
BRDA:58,1,1,0
BRDA:91,2,0,0
BRDA:92,3,0,0
BRDA:92,3,1,0
BRDA:92,4,0,0
BRDA:92,4,1,0
BRDA:105,5,0,0
BRDA:105,5,1,0
BRDA:111,6,0,0
BRDA:111,6,1,0
BRDA:146,7,0,1
BRDA:146,7,1,4
BRDA:146,8,0,5
BRDA:146,8,1,4
BRDA:171,9,0,2
BRDA:171,9,1,3
BRDA:171,10,0,5
BRDA:171,10,1,3
BRDA:178,11,0,5
BRDA:178,11,1,0
BRDA:178,12,0,5
BRDA:178,12,1,5
BRDA:178,12,2,5
BRDA:179,13,0,0
BRDA:179,13,1,5
BRDA:206,14,0,0
BRDA:206,14,1,0
BRDA:234,15,0,0
BRDA:234,16,0,0
BRDA:235,17,0,0
BRDA:235,17,1,0
BRDA:239,18,0,0
BRDA:239,18,1,0
BRDA:256,19,0,0
BRDA:256,19,1,0
BRDA:262,20,0,0
BRDA:262,20,1,0
BRDA:283,21,0,0
BRDA:283,21,1,0
BRDA:283,22,0,0
BRDA:283,22,1,0
BRDA:288,23,0,0
BRDA:288,23,1,0
BRDA:288,23,2,0
BRDA:309,24,0,0
BRDA:309,24,1,0
BRDA:309,24,2,0
BRDA:309,24,3,0
BRDA:309,24,4,0
BRDA:309,24,5,0
BRDA:322,25,0,0
BRDA:322,25,1,0
BRDA:364,26,0,0
BRDA:364,27,0,0
BRDA:365,28,0,0
BRDA:365,28,1,0
BRDA:365,29,0,0
BRDA:365,29,1,0
BRDA:392,30,0,0
BRDA:392,30,1,0
BRDA:392,31,0,0
BRDA:392,31,1,0
BRDA:396,32,0,0
BRDA:396,32,1,0
BRDA:400,33,0,0
BRDA:400,33,1,0
BRDA:404,34,0,0
BRDA:404,34,1,0
BRDA:407,35,0,0
BRDA:407,35,1,0
BRDA:435,36,0,0
BRDA:435,36,1,0
BRDA:435,37,0,0
BRDA:435,37,1,0
BRDA:437,38,0,0
BRDA:437,38,1,0
BRDA:437,39,0,0
BRDA:437,39,1,0
BRDA:437,39,2,0
BRDA:438,40,0,0
BRDA:438,40,1,0
BRDA:490,41,0,0
BRDA:490,41,1,0
BRDA:530,42,0,0
BRDA:530,43,0,0
BRDA:539,44,0,0
BRDA:539,44,1,0
BRDA:564,45,0,0
BRDA:564,45,1,0
BRDA:564,46,0,0
BRDA:564,46,1,0
BRDA:585,47,0,0
BRDA:585,47,1,0
BRDA:585,48,0,0
BRDA:585,48,1,0
BRDA:610,49,0,0
BRDA:610,49,1,0
BRDA:610,50,0,0
BRDA:610,50,1,0
BRDA:630,51,0,0
BRDA:630,51,1,0
BRDA:630,52,0,0
BRDA:630,52,1,0
BRDA:652,53,0,0
BRDA:652,53,1,0
BRDA:652,54,0,0
BRDA:652,54,1,0
BRDA:676,55,0,0
BRDA:677,56,0,0
BRDA:677,56,1,0
BRDA:677,57,0,0
BRDA:677,57,1,0
BRDA:681,58,0,0
BRDA:681,58,1,0
BRDA:701,59,0,0
BRDA:701,59,1,0
BRDA:701,60,0,0
BRDA:701,60,1,0
BRF:120
BRH:13
end_of_record
TN:
SF:src/utils/PhoneNumberUtils.js
FN:21,(anonymous_0)
FN:53,(anonymous_1)
FN:104,(anonymous_2)
FN:130,(anonymous_3)
FN:160,(anonymous_4)
FN:177,(anonymous_5)
FN:198,(anonymous_6)
FN:220,(anonymous_7)
FN:255,(anonymous_8)
FN:282,(anonymous_9)
FN:302,(anonymous_10)
FN:318,(anonymous_11)
FNF:12
FNH:3
FNDA:30,(anonymous_0)
FNDA:11,(anonymous_1)
FNDA:6,(anonymous_2)
FNDA:0,(anonymous_3)
FNDA:0,(anonymous_4)
FNDA:0,(anonymous_5)
FNDA:0,(anonymous_6)
FNDA:0,(anonymous_7)
FNDA:0,(anonymous_8)
FNDA:0,(anonymous_9)
FNDA:0,(anonymous_10)
FNDA:0,(anonymous_11)
DA:23,30
DA:31,30
DA:54,11
DA:55,2
DA:59,9
DA:62,9
DA:64,2
DA:65,7
DA:67,2
DA:68,5
DA:70,2
DA:71,3
DA:73,0
DA:74,3
DA:76,0
DA:79,3
DA:83,4
DA:84,0
DA:87,4
DA:105,6
DA:106,1
DA:109,5
DA:110,5
DA:111,2
DA:115,3
DA:131,0
DA:132,0
DA:135,0
DA:136,0
DA:138,0
DA:139,0
DA:140,0
DA:144,0
DA:161,0
DA:162,0
DA:178,0
DA:179,0
DA:182,0
DA:183,0
DA:199,0
DA:200,0
DA:203,0
DA:204,0
DA:221,0
DA:222,0
DA:225,0
DA:226,0
DA:228,0
DA:229,0
DA:232,0
DA:233,0
DA:234,0
DA:236,0
DA:256,0
DA:257,0
DA:260,0
DA:262,0
DA:283,0
DA:284,0
DA:287,0
DA:288,0
DA:303,0
DA:319,0
LF:63
LH:22
BRDA:54,0,0,2
BRDA:54,0,1,9
BRDA:54,1,0,11
BRDA:54,1,1,9
BRDA:62,2,0,2
BRDA:62,2,1,7
BRDA:65,3,0,2
BRDA:65,3,1,5
BRDA:68,4,0,2
BRDA:68,4,1,3
BRDA:71,5,0,0
BRDA:71,5,1,3
BRDA:74,6,0,0
BRDA:74,6,1,3
BRDA:74,7,0,3
BRDA:74,7,1,0
BRDA:83,8,0,0
BRDA:83,8,1,4
BRDA:105,9,0,1
BRDA:105,9,1,5
BRDA:105,10,0,6
BRDA:105,10,1,5
BRDA:110,11,0,2
BRDA:110,11,1,3
BRDA:131,12,0,0
BRDA:131,12,1,0
BRDA:139,13,0,0
BRDA:139,13,1,0
BRDA:178,14,0,0
BRDA:178,14,1,0
BRDA:199,15,0,0
BRDA:199,15,1,0
BRDA:220,16,0,0
BRDA:221,17,0,0
BRDA:221,17,1,0
BRDA:228,18,0,0
BRDA:228,18,1,0
BRDA:256,19,0,0
BRDA:256,19,1,0
BRDA:283,20,0,0
BRDA:283,20,1,0
BRDA:319,21,0,0
BRDA:319,21,1,0
BRF:43
BRH:20
end_of_record
